<?xml version="1.0"?><coverage lines-covered="23" lines-valid="854" line-rate="0.026932084309133488" branches-covered="0" branches-valid="0" branch-rate="0" complexity="0" version="1.9" timestamp="1737259166"><sources><source>/Users/voratham/quests_tracker</source></sources><packages><package name="src/domain/entities" line-rate="0" branch-rate="0" complexity="0"><classes><class name="quests" filename="src/domain/entities/quests.rs" line-rate="0" branch-rate="0" complexity="0"><methods/><lines><line number="22" hits="0"/><line number="24" hits="0"/><line number="25" hits="0"/><line number="26" hits="0"/><line number="27" hits="0"/><line number="28" hits="0"/><line number="30" hits="0"/><line number="31" hits="0"/></lines></class></classes></package><package name="src/infrastructure" line-rate="0" branch-rate="0" complexity="0"><classes></classes></package><package name="src/infrastructure/postgres" line-rate="0" branch-rate="0" complexity="0"><classes><class name="postgres_connection" filename="src/infrastructure/postgres/postgres_connection.rs" line-rate="0" branch-rate="0" complexity="0"><methods/><lines><line number="10" hits="0"/><line number="11" hits="0"/><line number="12" hits="0"/></lines></class><class name="schema" filename="src/infrastructure/postgres/schema.rs" line-rate="0" branch-rate="0" complexity="0"><methods/><lines><line number="3" hits="0"/><line number="4" hits="0"/><line number="5" hits="0"/><line number="6" hits="0"/><line number="7" hits="0"/><line number="8" hits="0"/><line number="9" hits="0"/><line number="10" hits="0"/><line number="11" hits="0"/><line number="15" hits="0"/><line number="16" hits="0"/><line number="17" hits="0"/><line number="18" hits="0"/><line number="19" hits="0"/><line number="20" hits="0"/><line number="21" hits="0"/><line number="22" hits="0"/><line number="23" hits="0"/><line number="27" hits="0"/><line number="28" hits="0"/><line number="29" hits="0"/><line number="30" hits="0"/><line number="34" hits="0"/><line number="35" hits="0"/><line number="36" hits="0"/><line number="37" hits="0"/><line number="38" hits="0"/><line number="39" hits="0"/><line number="40" hits="0"/><line number="41" hits="0"/><line number="42" hits="0"/><line number="43" hits="0"/><line number="44" hits="0"/><line number="45" hits="0"/></lines></class></classes></package><package name="src/domain/repositories" line-rate="0" branch-rate="0" complexity="0"><classes></classes></package><package name="src/infrastructure/argon2_hashing" line-rate="0" branch-rate="0" complexity="0"><classes><class name="mod" filename="src/infrastructure/argon2_hashing/mod.rs" line-rate="0" branch-rate="0" complexity="0"><methods/><lines><line number="7" hits="0"/><line number="8" hits="0"/><line number="10" hits="0"/><line number="12" hits="0"/><line number="14" hits="0"/><line number="15" hits="0"/><line number="17" hits="0"/><line number="22" hits="0"/><line number="23" hits="0"/><line number="24" hits="0"/></lines></class></classes></package><package name="src/infrastructure/jwt_authentication" line-rate="0" branch-rate="0" complexity="0"><classes><class name="mod" filename="src/infrastructure/jwt_authentication/mod.rs" line-rate="0" branch-rate="0" complexity="0"><methods/><lines><line number="8" hits="0"/><line number="10" hits="0"/><line number="11" hits="0"/><line number="12" hits="0"/><line number="18" hits="0"/><line number="20" hits="0"/><line number="21" hits="0"/><line number="22" hits="0"/></lines></class></classes></package><package name="src" line-rate="0.026932084309133488" branch-rate="0" complexity="0"><classes><class name="main" filename="src/main.rs" line-rate="0" branch-rate="0" complexity="0"><methods/><lines><line number="10" hits="0"/><line number="12" hits="0"/><line number="13" hits="0"/><line number="16" hits="0"/><line number="17" hits="0"/><line number="18" hits="0"/><line number="19" hits="0"/><line number="20" hits="0"/><line number="24" hits="0"/><line number="26" hits="0"/><line number="27" hits="0"/><line number="28" hits="0"/><line number="29" hits="0"/><line number="30" hits="0"/><line number="34" hits="0"/><line number="36" hits="0"/><line number="37" hits="0"/></lines></class></classes></package><package name="src/infrastructure/axum_http/routers" line-rate="0" branch-rate="0" complexity="0"><classes><class name="adventurers" filename="src/infrastructure/axum_http/routers/adventurers.rs" line-rate="0" branch-rate="0" complexity="0"><methods/><lines><line number="16" hits="0"/><line number="22" hits="0"/><line number="24" hits="0"/><line number="26" hits="0"/><line number="27" hits="0"/><line number="28" hits="0"/><line number="31" hits="0"/><line number="38" hits="0"/><line number="39" hits="0"/><line number="40" hits="0"/><line number="42" hits="0"/><line number="43" hits="0"/><line number="44" hits="0"/><line number="47" hits="0"/></lines></class><class name="authentication" filename="src/infrastructure/axum_http/routers/authentication.rs" line-rate="0" branch-rate="0" complexity="0"><methods/><lines><line number="30" hits="0"/><line number="31" hits="0"/><line number="33" hits="0"/><line number="36" hits="0"/><line number="37" hits="0"/><line number="40" hits="0"/><line number="41" hits="0"/><line number="44" hits="0"/><line number="46" hits="0"/><line number="49" hits="0"/><line number="51" hits="0"/><line number="54" hits="0"/><line number="62" hits="0"/><line number="63" hits="0"/><line number="64" hits="0"/><line number="66" hits="0"/><line number="68" hits="0"/><line number="70" hits="0"/><line number="72" hits="0"/><line number="74" hits="0"/><line number="76" hits="0"/><line number="77" hits="0"/><line number="78" hits="0"/><line number="81" hits="0"/><line number="83" hits="0"/><line number="84" hits="0"/><line number="85" hits="0"/><line number="88" hits="0"/><line number="89" hits="0"/><line number="90" hits="0"/><line number="93" hits="0"/><line number="95" hits="0"/><line number="99" hits="0"/><line number="107" hits="0"/><line number="108" hits="0"/><line number="111" hits="0"/><line number="112" hits="0"/><line number="114" hits="0"/><line number="115" hits="0"/><line number="116" hits="0"/><line number="118" hits="0"/><line number="119" hits="0"/><line number="121" hits="0"/><line number="123" hits="0"/><line number="125" hits="0"/><line number="127" hits="0"/><line number="129" hits="0"/><line number="131" hits="0"/><line number="132" hits="0"/><line number="133" hits="0"/><line number="136" hits="0"/><line number="138" hits="0"/><line number="139" hits="0"/><line number="140" hits="0"/><line number="143" hits="0"/><line number="144" hits="0"/><line number="145" hits="0"/><line number="148" hits="0"/><line number="150" hits="0"/><line number="154" hits="0"/><line number="162" hits="0"/><line number="163" hits="0"/><line number="164" hits="0"/><line number="166" hits="0"/><line number="167" hits="0"/><line number="169" hits="0"/><line number="171" hits="0"/><line number="173" hits="0"/><line number="175" hits="0"/><line number="177" hits="0"/><line number="179" hits="0"/><line number="180" hits="0"/><line number="181" hits="0"/><line number="184" hits="0"/><line number="186" hits="0"/><line number="187" hits="0"/><line number="188" hits="0"/><line number="191" hits="0"/><line number="192" hits="0"/><line number="193" hits="0"/><line number="196" hits="0"/><line number="198" hits="0"/><line number="202" hits="0"/><line number="210" hits="0"/><line number="211" hits="0"/><line number="214" hits="0"/><line number="215" hits="0"/><line number="217" hits="0"/><line number="218" hits="0"/><line number="219" hits="0"/><line number="221" hits="0"/><line number="222" hits="0"/><line number="224" hits="0"/><line number="226" hits="0"/><line number="228" hits="0"/><line number="230" hits="0"/><line number="232" hits="0"/><line number="234" hits="0"/><line number="235" hits="0"/><line number="236" hits="0"/><line number="239" hits="0"/><line number="241" hits="0"/><line number="242" hits="0"/><line number="243" hits="0"/><line number="246" hits="0"/><line number="247" hits="0"/><line number="248" hits="0"/><line number="251" hits="0"/><line number="253" hits="0"/></lines></class><class name="crew_switchboard" filename="src/infrastructure/axum_http/routers/crew_switchboard.rs" line-rate="0" branch-rate="0" complexity="0"><methods/><lines><line number="28" hits="0"/><line number="30" hits="0"/><line number="32" hits="0"/><line number="35" hits="0"/><line number="36" hits="0"/><line number="39" hits="0"/><line number="40" hits="0"/><line number="41" hits="0"/><line number="42" hits="0"/><line number="43" hits="0"/><line number="46" hits="0"/><line number="55" hits="0"/><line number="56" hits="0"/><line number="57" hits="0"/><line number="58" hits="0"/><line number="59" hits="0"/><line number="60" hits="0"/><line number="63" hits="0"/><line number="67" hits="0"/><line number="76" hits="0"/><line number="77" hits="0"/><line number="78" hits="0"/><line number="80" hits="0"/><line number="81" hits="0"/><line number="82" hits="0"/><line number="83" hits="0"/><line number="84" hits="0"/><line number="87" hits="0"/></lines></class><class name="guild_commanders" filename="src/infrastructure/axum_http/routers/guild_commanders.rs" line-rate="0" branch-rate="0" complexity="0"><methods/><lines><line number="16" hits="0"/><line number="17" hits="0"/><line number="19" hits="0"/><line number="20" hits="0"/><line number="22" hits="0"/><line number="23" hits="0"/><line number="24" hits="0"/><line number="27" hits="0"/><line number="34" hits="0"/><line number="35" hits="0"/><line number="36" hits="0"/><line number="38" hits="0"/><line number="39" hits="0"/><line number="40" hits="0"/><line number="41" hits="0"/><line number="42" hits="0"/><line number="46" hits="0"/></lines></class><class name="journey_ledger" filename="src/infrastructure/axum_http/routers/journey_ledger.rs" line-rate="0" branch-rate="0" complexity="0"><methods/><lines><line number="31" hits="0"/><line number="32" hits="0"/><line number="33" hits="0"/><line number="36" hits="0"/><line number="37" hits="0"/><line number="40" hits="0"/><line number="41" hits="0"/><line number="42" hits="0"/><line number="43" hits="0"/><line number="44" hits="0"/><line number="45" hits="0"/><line number="48" hits="0"/><line number="57" hits="0"/><line number="58" hits="0"/><line number="59" hits="0"/><line number="61" hits="0"/><line number="62" hits="0"/><line number="63" hits="0"/><line number="64" hits="0"/><line number="65" hits="0"/><line number="66" hits="0"/><line number="68" hits="0"/><line number="70" hits="0"/><line number="71" hits="0"/><line number="72" hits="0"/><line number="77" hits="0"/><line number="86" hits="0"/><line number="87" hits="0"/><line number="88" hits="0"/><line number="90" hits="0"/><line number="91" hits="0"/><line number="92" hits="0"/><line number="93" hits="0"/><line number="94" hits="0"/><line number="95" hits="0"/><line number="97" hits="0"/><line number="99" hits="0"/><line number="100" hits="0"/><line number="101" hits="0"/><line number="106" hits="0"/><line number="115" hits="0"/><line number="116" hits="0"/><line number="117" hits="0"/><line number="119" hits="0"/><line number="120" hits="0"/><line number="121" hits="0"/><line number="122" hits="0"/><line number="123" hits="0"/><line number="124" hits="0"/><line number="126" hits="0"/><line number="128" hits="0"/><line number="129" hits="0"/><line number="130" hits="0"/></lines></class><class name="quest_ops" filename="src/infrastructure/axum_http/routers/quest_ops.rs" line-rate="0" branch-rate="0" complexity="0"><methods/><lines><line number="27" hits="0"/><line number="28" hits="0"/><line number="29" hits="0"/><line number="32" hits="0"/><line number="33" hits="0"/><line number="36" hits="0"/><line number="37" hits="0"/><line number="38" hits="0"/><line number="39" hits="0"/><line number="40" hits="0"/><line number="41" hits="0"/><line number="44" hits="0"/><line number="53" hits="0"/><line number="54" hits="0"/><line number="55" hits="0"/><line number="57" hits="0"/><line number="58" hits="0"/><line number="59" hits="0"/><line number="61" hits="0"/><line number="65" hits="0"/><line number="75" hits="0"/><line number="76" hits="0"/><line number="77" hits="0"/><line number="79" hits="0"/><line number="80" hits="0"/><line number="81" hits="0"/><line number="83" hits="0"/><line number="87" hits="0"/><line number="96" hits="0"/><line number="97" hits="0"/><line number="98" hits="0"/><line number="100" hits="0"/><line number="101" hits="0"/><line number="102" hits="0"/><line number="104" hits="0"/></lines></class><class name="quest_viewing" filename="src/infrastructure/axum_http/routers/quest_viewing.rs" line-rate="0" branch-rate="0" complexity="0"><methods/><lines><line number="22" hits="0"/><line number="23" hits="0"/><line number="25" hits="0"/><line number="27" hits="0"/><line number="28" hits="0"/><line number="29" hits="0"/><line number="30" hits="0"/><line number="33" hits="0"/><line number="40" hits="0"/><line number="41" hits="0"/><line number="42" hits="0"/><line number="46" hits="0"/><line number="53" hits="0"/><line number="54" hits="0"/><line number="55" hits="0"/></lines></class></classes></package><package name="src/application" line-rate="0.08" branch-rate="0" complexity="0"><classes></classes></package><package name="src/infrastructure/axum_http" line-rate="0" branch-rate="0" complexity="0"><classes><class name="default_routers" filename="src/infrastructure/axum_http/default_routers.rs" line-rate="0" branch-rate="0" complexity="0"><methods/><lines><line number="3" hits="0"/><line number="4" hits="0"/><line number="7" hits="0"/><line number="8" hits="0"/></lines></class><class name="http_serve" filename="src/infrastructure/axum_http/http_serve.rs" line-rate="0" branch-rate="0" complexity="0"><methods/><lines><line number="21" hits="0"/><line number="22" hits="0"/><line number="23" hits="0"/><line number="24" hits="0"/><line number="27" hits="0"/><line number="31" hits="0"/><line number="35" hits="0"/><line number="39" hits="0"/><line number="43" hits="0"/><line number="47" hits="0"/><line number="51" hits="0"/><line number="53" hits="0"/><line number="54" hits="0"/><line number="56" hits="0"/><line number="57" hits="0"/><line number="60" hits="0"/><line number="61" hits="0"/><line number="62" hits="0"/><line number="63" hits="0"/><line number="64" hits="0"/><line number="65" hits="0"/><line number="66" hits="0"/><line number="68" hits="0"/><line number="70" hits="0"/><line number="72" hits="0"/><line number="74" hits="0"/><line number="76" hits="0"/><line number="78" hits="0"/><line number="79" hits="0"/><line number="80" hits="0"/><line number="82" hits="0"/><line number="85" hits="0"/><line number="86" hits="0"/><line number="87" hits="0"/><line number="88" hits="0"/><line number="92" hits="0"/><line number="93" hits="0"/><line number="96" hits="0"/></lines></class><class name="middlewares" filename="src/infrastructure/axum_http/middlewares.rs" line-rate="0" branch-rate="0" complexity="0"><methods/><lines><line number="13" hits="0"/><line number="17" hits="0"/><line number="18" hits="0"/><line number="21" hits="0"/><line number="22" hits="0"/><line number="23" hits="0"/><line number="24" hits="0"/><line number="26" hits="0"/><line number="34" hits="0"/><line number="37" hits="0"/><line number="41" hits="0"/><line number="42" hits="0"/><line number="45" hits="0"/><line number="46" hits="0"/><line number="47" hits="0"/><line number="48" hits="0"/><line number="50" hits="0"/><line number="58" hits="0"/><line number="61" hits="0"/><line number="62" hits="0"/><line number="63" hits="0"/><line number="64" hits="0"/><line number="65" hits="0"/><line number="68" hits="0"/><line number="71" hits="0"/></lines></class></classes></package><package name="src/infrastructure/postgres/repositories" line-rate="0" branch-rate="0" complexity="0"><classes><class name="adventurers" filename="src/infrastructure/postgres/repositories/adventurers.rs" line-rate="0" branch-rate="0" complexity="0"><methods/><lines><line number="25" hits="0"/><line number="32" hits="0"/><line number="33" hits="0"/><line number="35" hits="0"/><line number="36" hits="0"/><line number="37" hits="0"/><line number="38" hits="0"/><line number="40" hits="0"/><line number="43" hits="0"/><line number="44" hits="0"/><line number="46" hits="0"/><line number="47" hits="0"/><line number="48" hits="0"/><line number="49" hits="0"/><line number="51" hits="0"/></lines></class><class name="crew_switchboard" filename="src/infrastructure/postgres/repositories/crew_switchboard.rs" line-rate="0" branch-rate="0" complexity="0"><methods/><lines><line number="22" hits="0"/><line number="29" hits="0"/><line number="30" hits="0"/><line number="32" hits="0"/><line number="33" hits="0"/><line number="34" hits="0"/><line number="36" hits="0"/><line number="37" hits="0"/><line number="38" hits="0"/><line number="39" hits="0"/><line number="40" hits="0"/><line number="41" hits="0"/><line number="42" hits="0"/><line number="43" hits="0"/><line number="48" hits="0"/><line number="49" hits="0"/><line number="51" hits="0"/><line number="52" hits="0"/><line number="53" hits="0"/><line number="54" hits="0"/><line number="56" hits="0"/><line number="57" hits="0"/><line number="60" hits="0"/></lines></class><class name="guild_commanders" filename="src/infrastructure/postgres/repositories/guild_commanders.rs" line-rate="0" branch-rate="0" complexity="0"><methods/><lines><line number="24" hits="0"/><line number="35" hits="0"/><line number="37" hits="0"/><line number="38" hits="0"/><line number="39" hits="0"/><line number="40" hits="0"/><line number="42" hits="0"/><line number="45" hits="0"/><line number="46" hits="0"/><line number="48" hits="0"/><line number="49" hits="0"/><line number="50" hits="0"/><line number="51" hits="0"/><line number="53" hits="0"/></lines></class><class name="journey_ledger" filename="src/infrastructure/postgres/repositories/journey_ledger.rs" line-rate="0" branch-rate="0" complexity="0"><methods/><lines><line number="20" hits="0"/><line number="27" hits="0"/><line number="28" hits="0"/><line number="30" hits="0"/><line number="31" hits="0"/><line number="32" hits="0"/><line number="33" hits="0"/><line number="34" hits="0"/><line number="35" hits="0"/><line number="37" hits="0"/><line number="38" hits="0"/><line number="40" hits="0"/><line number="42" hits="0"/><line number="43" hits="0"/><line number="45" hits="0"/><line number="46" hits="0"/><line number="47" hits="0"/><line number="48" hits="0"/><line number="49" hits="0"/><line number="50" hits="0"/><line number="52" hits="0"/><line number="53" hits="0"/><line number="55" hits="0"/><line number="57" hits="0"/><line number="58" hits="0"/><line number="60" hits="0"/><line number="61" hits="0"/><line number="62" hits="0"/><line number="63" hits="0"/><line number="64" hits="0"/><line number="65" hits="0"/><line number="67" hits="0"/><line number="68" hits="0"/><line number="70" hits="0"/></lines></class><class name="quest_ops" filename="src/infrastructure/postgres/repositories/quest_ops.rs" line-rate="0" branch-rate="0" complexity="0"><methods/><lines><line number="21" hits="0"/><line number="28" hits="0"/><line number="29" hits="0"/><line number="31" hits="0"/><line number="32" hits="0"/><line number="33" hits="0"/><line number="34" hits="0"/><line number="36" hits="0"/><line number="38" hits="0"/><line number="39" hits="0"/><line number="41" hits="0"/><line number="42" hits="0"/><line number="43" hits="0"/><line number="44" hits="0"/><line number="45" hits="0"/><line number="46" hits="0"/><line number="47" hits="0"/><line number="49" hits="0"/><line number="51" hits="0"/><line number="52" hits="0"/><line number="54" hits="0"/><line number="55" hits="0"/><line number="56" hits="0"/><line number="57" hits="0"/><line number="58" hits="0"/><line number="59" hits="0"/><line number="60" hits="0"/><line number="62" hits="0"/><line number="64" hits="0"/><line number="65" hits="0"/><line number="67" hits="0"/></lines></class><class name="quest_viewing" filename="src/infrastructure/postgres/repositories/quest_viewing.rs" line-rate="0" branch-rate="0" complexity="0"><methods/><lines><line number="23" hits="0"/><line number="30" hits="0"/><line number="31" hits="0"/><line number="33" hits="0"/><line number="34" hits="0"/><line number="35" hits="0"/><line number="36" hits="0"/><line number="37" hits="0"/><line number="39" hits="0"/><line number="41" hits="0"/><line number="42" hits="0"/><line number="44" hits="0"/><line number="45" hits="0"/><line number="48" hits="0"/><line number="49" hits="0"/><line number="52" hits="0"/><line number="53" hits="0"/><line number="56" hits="0"/><line number="57" hits="0"/><line number="58" hits="0"/><line number="59" hits="0"/><line number="61" hits="0"/><line number="63" hits="0"/><line number="64" hits="0"/><line number="66" hits="0"/><line number="67" hits="0"/><line number="69" hits="0"/><line number="71" hits="0"/></lines></class></classes></package><package name="src/domain/value_objects" line-rate="0.19230769230769232" branch-rate="0" complexity="0"><classes><class name="adventurer_model" filename="src/domain/value_objects/adventurer_model.rs" line-rate="0" branch-rate="0" complexity="0"><methods/><lines><line number="12" hits="0"/><line number="14" hits="0"/><line number="15" hits="0"/><line number="16" hits="0"/><line number="17" hits="0"/></lines></class><class name="guild_commander_model" filename="src/domain/value_objects/guild_commander_model.rs" line-rate="0" branch-rate="0" complexity="0"><methods/><lines><line number="12" hits="0"/><line number="14" hits="0"/><line number="15" hits="0"/><line number="16" hits="0"/><line number="17" hits="0"/></lines></class><class name="quest_model" filename="src/domain/value_objects/quest_model.rs" line-rate="0" branch-rate="0" complexity="0"><methods/><lines><line number="27" hits="0"/><line number="29" hits="0"/><line number="30" hits="0"/><line number="31" hits="0"/><line number="33" hits="0"/><line number="34" hits="0"/><line number="46" hits="0"/><line number="48" hits="0"/><line number="49" hits="0"/><line number="51" hits="0"/></lines></class><class name="quest_statuses" filename="src/domain/value_objects/quest_statuses.rs" line-rate="0.8333333333333334" branch-rate="0" complexity="0"><methods/><lines><line number="15" hits="5"/><line number="16" hits="5"/><line number="17" hits="3"/><line number="18" hits="1"/><line number="19" hits="0"/><line number="20" hits="1"/></lines></class></classes></package><package name="src/config" line-rate="0" branch-rate="0" complexity="0"><classes><class name="config_loader" filename="src/config/config_loader.rs" line-rate="0" branch-rate="0" complexity="0"><methods/><lines><line number="7" hits="0"/><line number="8" hits="0"/><line number="11" hits="0"/><line number="14" hits="0"/><line number="17" hits="0"/><line number="23" hits="0"/><line number="26" hits="0"/><line number="29" hits="0"/><line number="30" hits="0"/><line number="32" hits="0"/><line number="34" hits="0"/><line number="37" hits="0"/><line number="38" hits="0"/><line number="40" hits="0"/><line number="41" hits="0"/><line number="42" hits="0"/><line number="43" hits="0"/><line number="44" hits="0"/><line number="45" hits="0"/><line number="46" hits="0"/><line number="50" hits="0"/><line number="51" hits="0"/><line number="53" hits="0"/><line number="54" hits="0"/><line number="55" hits="0"/><line number="56" hits="0"/><line number="57" hits="0"/><line number="58" hits="0"/><line number="59" hits="0"/></lines></class><class name="stage" filename="src/config/stage.rs" line-rate="0" branch-rate="0" complexity="0"><methods/><lines><line number="13" hits="0"/><line number="14" hits="0"/><line number="15" hits="0"/><line number="16" hits="0"/><line number="17" hits="0"/><line number="25" hits="0"/><line number="26" hits="0"/><line number="27" hits="0"/><line number="28" hits="0"/><line number="29" hits="0"/><line number="30" hits="0"/></lines></class></classes></package><package name="src/application/usecases" line-rate="0.08" branch-rate="0" complexity="0"><classes><class name="adventurers" filename="src/application/usecases/adventurers.rs" line-rate="0" branch-rate="0" complexity="0"><methods/><lines><line number="37" hits="0"/><line number="43" hits="0"/><line number="47" hits="0"/><line number="49" hits="0"/><line number="50" hits="0"/><line number="52" hits="0"/><line number="54" hits="0"/><line number="55" hits="0"/><line number="56" hits="0"/><line number="57" hits="0"/><line number="59" hits="0"/></lines></class><class name="authentication" filename="src/application/usecases/authentication.rs" line-rate="0" branch-rate="0" complexity="0"><methods/><lines><line number="34" hits="0"/><line number="41" hits="0"/><line number="42" hits="0"/><line number="44" hits="0"/><line number="45" hits="0"/><line number="46" hits="0"/><line number="47" hits="0"/><line number="49" hits="0"/><line number="50" hits="0"/><line number="52" hits="0"/><line number="53" hits="0"/><line number="57" hits="0"/><line number="59" hits="0"/><line number="60" hits="0"/><line number="64" hits="0"/><line number="66" hits="0"/><line number="67" hits="0"/><line number="70" hits="0"/><line number="71" hits="0"/><line number="73" hits="0"/><line number="74" hits="0"/><line number="76" hits="0"/><line number="77" hits="0"/><line number="78" hits="0"/><line number="82" hits="0"/><line number="83" hits="0"/><line number="85" hits="0"/><line number="86" hits="0"/><line number="89" hits="0"/><line number="91" hits="0"/><line number="92" hits="0"/><line number="96" hits="0"/><line number="98" hits="0"/><line number="99" hits="0"/><line number="102" hits="0"/><line number="103" hits="0"/><line number="105" hits="0"/><line number="106" hits="0"/><line number="108" hits="0"/><line number="109" hits="0"/><line number="110" hits="0"/><line number="114" hits="0"/><line number="115" hits="0"/><line number="117" hits="0"/><line number="118" hits="0"/><line number="119" hits="0"/><line number="120" hits="0"/><line number="122" hits="0"/><line number="123" hits="0"/><line number="125" hits="0"/><line number="126" hits="0"/><line number="130" hits="0"/><line number="132" hits="0"/><line number="133" hits="0"/><line number="137" hits="0"/><line number="139" hits="0"/><line number="140" hits="0"/><line number="143" hits="0"/><line number="144" hits="0"/><line number="146" hits="0"/><line number="147" hits="0"/><line number="149" hits="0"/><line number="150" hits="0"/><line number="151" hits="0"/><line number="155" hits="0"/><line number="156" hits="0"/><line number="158" hits="0"/><line number="159" hits="0"/><line number="162" hits="0"/><line number="164" hits="0"/><line number="165" hits="0"/><line number="169" hits="0"/><line number="171" hits="0"/><line number="172" hits="0"/><line number="175" hits="0"/><line number="176" hits="0"/><line number="178" hits="0"/><line number="179" hits="0"/><line number="181" hits="0"/><line number="182" hits="0"/><line number="183" hits="0"/></lines></class><class name="crew_switchboard" filename="src/application/usecases/crew_switchboard.rs" line-rate="0.5454545454545454" branch-rate="0" complexity="0"><methods/><lines><line number="29" hits="2"/><line number="36" hits="4"/><line number="37" hits="4"/><line number="39" hits="4"/><line number="40" hits="2"/><line number="41" hits="2"/><line number="42" hits="0"/><line number="44" hits="4"/><line number="45" hits="1"/><line number="47" hits="2"/><line number="48" hits="2"/><line number="50" hits="2"/><line number="51" hits="0"/><line number="54" hits="2"/><line number="55" hits="1"/><line number="58" hits="1"/><line number="59" hits="1"/><line number="60" hits="1"/><line number="61" hits="1"/><line number="63" hits="0"/><line number="65" hits="1"/><line number="68" hits="0"/><line number="69" hits="0"/><line number="71" hits="0"/><line number="72" hits="0"/><line number="74" hits="0"/><line number="75" hits="0"/><line number="78" hits="0"/><line number="79" hits="0"/><line number="80" hits="0"/><line number="81" hits="0"/><line number="83" hits="0"/><line number="85" hits="0"/></lines></class><class name="guild_commanders" filename="src/application/usecases/guild_commanders.rs" line-rate="0" branch-rate="0" complexity="0"><methods/><lines><line number="24" hits="0"/><line number="30" hits="0"/><line number="34" hits="0"/><line number="35" hits="0"/><line number="37" hits="0"/><line number="38" hits="0"/><line number="40" hits="0"/><line number="42" hits="0"/><line number="43" hits="0"/><line number="44" hits="0"/><line number="45" hits="0"/><line number="47" hits="0"/></lines></class><class name="journey_ledger" filename="src/application/usecases/journey_ledger.rs" line-rate="0" branch-rate="0" complexity="0"><methods/><lines><line number="28" hits="0"/><line number="35" hits="0"/><line number="36" hits="0"/><line number="37" hits="0"/><line number="38" hits="0"/><line number="39" hits="0"/><line number="40" hits="0"/><line number="42" hits="0"/><line number="43" hits="0"/><line number="44" hits="0"/><line number="45" hits="0"/><line number="47" hits="0"/><line number="48" hits="0"/><line number="51" hits="0"/><line number="52" hits="0"/><line number="53" hits="0"/><line number="54" hits="0"/><line number="56" hits="0"/><line number="59" hits="0"/><line number="60" hits="0"/><line number="62" hits="0"/><line number="64" hits="0"/><line number="65" hits="0"/><line number="68" hits="0"/><line number="69" hits="0"/><line number="70" hits="0"/><line number="71" hits="0"/><line number="73" hits="0"/><line number="76" hits="0"/><line number="77" hits="0"/><line number="79" hits="0"/><line number="81" hits="0"/><line number="82" hits="0"/><line number="85" hits="0"/><line number="86" hits="0"/><line number="87" hits="0"/><line number="88" hits="0"/><line number="90" hits="0"/></lines></class><class name="quest_ops" filename="src/application/usecases/quest_ops.rs" line-rate="0" branch-rate="0" complexity="0"><methods/><lines><line number="24" hits="0"/><line number="31" hits="0"/><line number="36" hits="0"/><line number="37" hits="0"/><line number="38" hits="0"/><line number="41" hits="0"/><line number="47" hits="0"/><line number="48" hits="0"/><line number="49" hits="0"/><line number="50" hits="0"/><line number="52" hits="0"/><line number="53" hits="0"/><line number="54" hits="0"/><line number="58" hits="0"/><line number="59" hits="0"/><line number="60" hits="0"/><line number="61" hits="0"/><line number="62" hits="0"/><line number="64" hits="0"/><line number="67" hits="0"/><line number="68" hits="0"/><line number="69" hits="0"/><line number="70" hits="0"/><line number="71" hits="0"/><line number="73" hits="0"/><line number="74" hits="0"/><line number="75" hits="0"/><line number="79" hits="0"/><line number="80" hits="0"/><line number="81" hits="0"/><line number="83" hits="0"/></lines></class><class name="quest_viewing" filename="src/application/usecases/quest_viewing.rs" line-rate="0" branch-rate="0" complexity="0"><methods/><lines><line number="21" hits="0"/><line number="27" hits="0"/><line number="28" hits="0"/><line number="30" hits="0"/><line number="31" hits="0"/><line number="32" hits="0"/><line number="33" hits="0"/><line number="35" hits="0"/><line number="37" hits="0"/><line number="40" hits="0"/><line number="41" hits="0"/><line number="43" hits="0"/><line number="46" hits="0"/><line number="47" hits="0"/><line number="48" hits="0"/><line number="49" hits="0"/><line number="50" hits="0"/><line number="52" hits="0"/><line number="55" hits="0"/></lines></class></classes></package><package name="src/domain" line-rate="0.14705882352941177" branch-rate="0" complexity="0"><classes></classes></package></packages></coverage>